24-12-23 18:26:28 Elapsed Length  Execution trace by 'Common VBA Execution Trace Service (mTrc)' (https://github.com/warbe-maker/VBA-Trace)
24-12-23 18:26:28 seconds seconds >> Begin execution trace 
24-12-23 18:26:28 00,0000         |  >> mPrivProfTest. Test_700_HskpngNames
===========================================================================================================================================
24-12-23 18:36:04 Elapsed Length  Execution trace by 'Common VBA Execution Trace Service (mTrc)' (https://github.com/warbe-maker/VBA-Trace)
24-12-23 18:36:04 seconds seconds >> Begin execution trace 
24-12-23 18:36:04 00,0000         |  >> mPrivProfTest.Test_100_Property_FileName
===========================================================================================================================================
24-12-23 18:39:10 Elapsed Length  Execution trace by 'Common VBA Execution Trace Service (mTrc)' (https://github.com/warbe-maker/VBA-Trace)
24-12-23 18:39:10 seconds seconds >> Begin execution trace 
24-12-23 18:39:10 00,0000         |  >> mPrivProfTest.Test_100_Property_FileName
===========================================================================================================================================
24-12-23 18:44:32 Elapsed Length  Execution trace by 'Common VBA Execution Trace Service (mTrc)' (https://github.com/warbe-maker/VBA-Trace)
24-12-23 18:44:32 seconds seconds >> Begin execution trace 
24-12-23 18:44:32 00,0000         |  >> mPrivProfTest.Test_100_Property_FileName
===========================================================================================================================================
24-12-23 18:46:34 Elapsed Length  Execution trace by 'Common VBA Execution Trace Service (mTrc)' (https://github.com/warbe-maker/VBA-Trace)
24-12-23 18:46:34 seconds seconds >> Begin execution trace 
24-12-23 18:46:34 00,0000         |  >> mPrivProfTest.Test_100_Property_FileName
===========================================================================================================================================
24-12-24 15:06:23 Elapsed Length  Execution trace by 'Common VBA Execution Trace Service (mTrc)' (https://github.com/warbe-maker/VBA-Trace)
24-12-24 15:06:23 seconds seconds >> Begin execution trace 
24-12-24 15:06:23 00,0000         |  >> mPrivProfTest.Test_100_Property_FileName
===========================================================================================================================================
24-12-24 15:13:54 Elapsed Length  Execution trace by 'Common VBA Execution Trace Service (mTrc)' (https://github.com/warbe-maker/VBA-Trace)
24-12-24 15:13:54 seconds seconds >> Test class module clsPrivProf
24-12-24 15:13:54 00,0000         |  >> mPrivProfTest.Test_100_Property_FileName
24-12-24 15:14:58 63,4760 63,4760 |  << mPrivProfTest.Test_100_Property_FileName
24-12-24 15:14:58 63,4760 63,4760 << Test class module clsPrivProf
24-12-24 15:14:58                 Execution trace by 'Common VBA Execution Trace Service (mTrc)' (https://github.com/warbe-maker/VBA-Trace)
24-12-24 15:14:58                 Impact on the overall performance (caused by the trace itself): 3,6 milliseconds!
===========================================================================================================================================
24-12-24 15:22:50 Elapsed Length  Execution trace by 'Common VBA Execution Trace Service (mTrc)' (https://github.com/warbe-maker/VBA-Trace)
24-12-24 15:22:50 seconds seconds >> Test class module clsPrivProf
24-12-24 15:22:50 00,0000         |  >> mPrivProfTest.Test_110_Methods_Exists
===========================================================================================================================================
24-12-24 15:25:22 Elapsed Length  Execution trace by 'Common VBA Execution Trace Service (mTrc)' (https://github.com/warbe-maker/VBA-Trace)
24-12-24 15:25:22 seconds seconds >> Begin execution trace 
24-12-24 15:25:22 00,0000         |  >> mPrivProfTest.Test_110_Methods_Exists
===========================================================================================================================================
24-12-24 15:28:09 Elapsed Length  Execution trace by 'Common VBA Execution Trace Service (mTrc)' (https://github.com/warbe-maker/VBA-Trace)
24-12-24 15:28:09 seconds seconds >> Begin execution trace 
24-12-24 15:28:09 00,0000         |  >> mPrivProfTest.Test_110_Methods_Exists
===========================================================================================================================================
24-12-24 15:28:54 Elapsed Length  Execution trace by 'Common VBA Execution Trace Service (mTrc)' (https://github.com/warbe-maker/VBA-Trace)
24-12-24 15:28:54 seconds seconds >> Begin execution trace 
24-12-24 15:28:54 00,0000         |  >> mPrivProfTest.Test_110_Methods_Exists
===========================================================================================================================================
24-12-24 15:29:51 Elapsed Length  Execution trace by 'Common VBA Execution Trace Service (mTrc)' (https://github.com/warbe-maker/VBA-Trace)
24-12-24 15:29:51 seconds seconds >> Begin execution trace 
24-12-24 15:29:51 00,0000         |  >> mPrivProfTest.Test_110_Methods_Exists
===========================================================================================================================================
24-12-24 15:32:15 Elapsed Length  Execution trace by 'Common VBA Execution Trace Service (mTrc)' (https://github.com/warbe-maker/VBA-Trace)
24-12-24 15:32:15 seconds seconds >> Begin execution trace 
24-12-24 15:32:15 00,0000         |  >> mPrivProfTest.Test_110_Methods_Exists
===========================================================================================================================================
24-12-24 15:34:55 Elapsed Length  Execution trace by 'Common VBA Execution Trace Service (mTrc)' (https://github.com/warbe-maker/VBA-Trace)
24-12-24 15:34:55 seconds seconds >> Begin execution trace 
24-12-24 15:34:55 00,0000         |  >> mPrivProfTest.Test_110_Methods_Exists
===========================================================================================================================================
24-12-24 15:37:07 Elapsed Length  Execution trace by 'Common VBA Execution Trace Service (mTrc)' (https://github.com/warbe-maker/VBA-Trace)
24-12-24 15:37:07 seconds seconds >> Test class module clsPrivProf
24-12-24 15:37:07 00,0000         |  >> mPrivProfTest.Test_110_Methods_Exists
24-12-24 15:37:12 04,3092 04,3092 |  << mPrivProfTest.Test_110_Methods_Exists
24-12-24 15:37:12 04,3092 04,3092 << Test class module clsPrivProf
24-12-24 15:37:12                 Execution trace by 'Common VBA Execution Trace Service (mTrc)' (https://github.com/warbe-maker/VBA-Trace)
24-12-24 15:37:12                 Impact on the overall performance (caused by the trace itself): 1,0 milliseconds!
===========================================================================================================================================
24-12-24 15:38:11 Elapsed Length  Execution trace by 'Common VBA Execution Trace Service (mTrc)' (https://github.com/warbe-maker/VBA-Trace)
24-12-24 15:38:11 seconds seconds >> Test class module clsPrivProf
24-12-24 15:38:11 00,0000         |  >> mPrivProfTest.Test_110_Methods_Exists
===========================================================================================================================================
24-12-24 15:40:46 Elapsed Length  Execution trace by 'Common VBA Execution Trace Service (mTrc)' (https://github.com/warbe-maker/VBA-Trace)
24-12-24 15:40:46 seconds seconds >> Begin execution trace 
24-12-24 15:40:46 00,0000         |  >> mPrivProfTest.Test_110_Methods_Exists
===========================================================================================================================================
24-12-24 15:42:54 Elapsed Length  Execution trace by 'Common VBA Execution Trace Service (mTrc)' (https://github.com/warbe-maker/VBA-Trace)
24-12-24 15:42:54 seconds seconds >> Test class module clsPrivProf
24-12-24 15:42:54 00,0000         |  >> mPrivProfTest.Test_110_Methods_Exists
24-12-24 15:43:25 31,6630 31,6630 |  << mPrivProfTest.Test_110_Methods_Exists
24-12-24 15:43:25 31,6630 31,6630 << Test class module clsPrivProf
24-12-24 15:43:25                 Execution trace by 'Common VBA Execution Trace Service (mTrc)' (https://github.com/warbe-maker/VBA-Trace)
24-12-24 15:43:25                 Impact on the overall performance (caused by the trace itself): 1,5 milliseconds!
===========================================================================================================================================
24-12-24 15:43:32 Elapsed Length  Execution trace by 'Common VBA Execution Trace Service (mTrc)' (https://github.com/warbe-maker/VBA-Trace)
24-12-24 15:43:32 seconds seconds >> Test class module clsPrivProf
24-12-24 15:43:32 00,0000         |  >> mPrivProfTest.Test_110_Methods_Exists
===========================================================================================================================================
24-12-24 15:44:09 Elapsed Length  Execution trace by 'Common VBA Execution Trace Service (mTrc)' (https://github.com/warbe-maker/VBA-Trace)
24-12-24 15:44:09 seconds seconds >> Begin execution trace 
24-12-24 15:44:09 00,0000         |  >> mPrivProfTest.Test_110_Methods_Exists
===========================================================================================================================================
24-12-24 15:44:19 Elapsed Length  Execution trace by 'Common VBA Execution Trace Service (mTrc)' (https://github.com/warbe-maker/VBA-Trace)
24-12-24 15:44:19 seconds seconds >> Test class module clsPrivProf
24-12-24 15:44:19 00,0000         |  >> mPrivProfTest.Test_110_Methods_Exists
===========================================================================================================================================
24-12-24 15:45:25 Elapsed Length  Execution trace by 'Common VBA Execution Trace Service (mTrc)' (https://github.com/warbe-maker/VBA-Trace)
24-12-24 15:45:25 seconds seconds >> Begin execution trace 
24-12-24 15:45:25 00,0000         |  >> mPrivProfTest.Test_110_Methods_Exists
===========================================================================================================================================
24-12-24 15:47:14 Elapsed Length  Execution trace by 'Common VBA Execution Trace Service (mTrc)' (https://github.com/warbe-maker/VBA-Trace)
24-12-24 15:47:14 seconds seconds >> Begin execution trace 
24-12-24 15:47:14 00,0000         |  >> mPrivProfTest.Test_110_Methods_Exists
===========================================================================================================================================
24-12-24 15:47:29 Elapsed Length  Execution trace by 'Common VBA Execution Trace Service (mTrc)' (https://github.com/warbe-maker/VBA-Trace)
24-12-24 15:47:29 seconds seconds >> Test class module clsPrivProf
24-12-24 15:47:29 00,0000         |  >> mPrivProfTest.Test_110_Methods_Exists
===========================================================================================================================================
24-12-24 15:47:55 Elapsed Length  Execution trace by 'Common VBA Execution Trace Service (mTrc)' (https://github.com/warbe-maker/VBA-Trace)
24-12-24 15:47:55 seconds seconds >> Begin execution trace 
24-12-24 15:47:55 00,0000         |  >> mPrivProfTest.Test_110_Methods_Exists
===========================================================================================================================================
24-12-24 15:49:09 Elapsed Length  Execution trace by 'Common VBA Execution Trace Service (mTrc)' (https://github.com/warbe-maker/VBA-Trace)
24-12-24 15:49:09 seconds seconds >> Begin execution trace 
24-12-24 15:49:09 00,0000         |  >> mPrivProfTest.Test_110_Methods_Exists
===========================================================================================================================================
24-12-24 15:49:19 Elapsed Length  Execution trace by 'Common VBA Execution Trace Service (mTrc)' (https://github.com/warbe-maker/VBA-Trace)
24-12-24 15:49:19 seconds seconds >> Test class module clsPrivProf
24-12-24 15:49:19 00,0000         |  >> mPrivProfTest.Test_110_Methods_Exists
24-12-24 15:49:27 07,0876 07,0876 |  << mPrivProfTest.Test_110_Methods_Exists (Application Error 1 )
24-12-24 15:49:27 07,0876 07,0876 << Test class module clsPrivProf
24-12-24 15:49:27                 Execution trace by 'Common VBA Execution Trace Service (mTrc)' (https://github.com/warbe-maker/VBA-Trace)
24-12-24 15:49:27                 Impact on the overall performance (caused by the trace itself): 1,8 milliseconds!
===========================================================================================================================================
24-12-24 15:49:54 Elapsed Length  Execution trace by 'Common VBA Execution Trace Service (mTrc)' (https://github.com/warbe-maker/VBA-Trace)
24-12-24 15:49:54 seconds seconds >> Begin execution trace 
24-12-24 15:49:54 00,0000         |  >> mPrivProfTest.Test_110_Methods_Exists
===========================================================================================================================================
24-12-24 15:50:16 Elapsed Length  Execution trace by 'Common VBA Execution Trace Service (mTrc)' (https://github.com/warbe-maker/VBA-Trace)
24-12-24 15:50:16 seconds seconds >> Test class module clsPrivProf
24-12-24 15:50:16 00,0000         |  >> mPrivProfTest.Test_110_Methods_Exists
24-12-24 15:50:40 23,8357 23,8357 |  << mPrivProfTest.Test_110_Methods_Exists (Application Error 1 )
24-12-24 15:50:40 23,8357 23,8357 << Test class module clsPrivProf
24-12-24 15:50:40                 Execution trace by 'Common VBA Execution Trace Service (mTrc)' (https://github.com/warbe-maker/VBA-Trace)
24-12-24 15:50:40                 Impact on the overall performance (caused by the trace itself): 1,1 milliseconds!
===========================================================================================================================================
24-12-24 15:51:22 Elapsed Length  Execution trace by 'Common VBA Execution Trace Service (mTrc)' (https://github.com/warbe-maker/VBA-Trace)
24-12-24 15:51:22 seconds seconds >> Begin execution trace 
24-12-24 15:51:22 00,0000         |  >> mPrivProfTest.Test_110_Methods_Exists
===========================================================================================================================================
24-12-24 15:51:30 Elapsed Length  Execution trace by 'Common VBA Execution Trace Service (mTrc)' (https://github.com/warbe-maker/VBA-Trace)
24-12-24 15:51:30 seconds seconds >> Test class module clsPrivProf
24-12-24 15:51:30 00,0000         |  >> mPrivProfTest.Test_110_Methods_Exists
24-12-24 15:51:35 05,2990 05,2990 |  << mPrivProfTest.Test_110_Methods_Exists (Application Error 1 )
24-12-24 15:51:35 05,2990 05,2990 << Test class module clsPrivProf
24-12-24 15:51:35                 Execution trace by 'Common VBA Execution Trace Service (mTrc)' (https://github.com/warbe-maker/VBA-Trace)
24-12-24 15:51:35                 Impact on the overall performance (caused by the trace itself): 1,3 milliseconds!
===========================================================================================================================================
24-12-24 15:52:11 Elapsed Length  Execution trace by 'Common VBA Execution Trace Service (mTrc)' (https://github.com/warbe-maker/VBA-Trace)
24-12-24 15:52:11 seconds seconds >> Begin execution trace 
24-12-24 15:52:11 00,0000         |  >> mPrivProfTest.Test_110_Methods_Exists
===========================================================================================================================================
24-12-24 15:52:18 Elapsed Length  Execution trace by 'Common VBA Execution Trace Service (mTrc)' (https://github.com/warbe-maker/VBA-Trace)
24-12-24 15:52:18 seconds seconds >> Test class module clsPrivProf
24-12-24 15:52:18 00,0000         |  >> mPrivProfTest.Test_110_Methods_Exists
24-12-24 15:52:23 04,2835 04,2835 |  << mPrivProfTest.Test_110_Methods_Exists (Application Error 1 )
24-12-24 15:52:23 04,2835 04,2835 << Test class module clsPrivProf
24-12-24 15:52:23                 Execution trace by 'Common VBA Execution Trace Service (mTrc)' (https://github.com/warbe-maker/VBA-Trace)
24-12-24 15:52:23                 Impact on the overall performance (caused by the trace itself): 4,0 milliseconds!
===========================================================================================================================================
24-12-27 12:57:10 Elapsed Length  Execution trace by 'Common VBA Execution Trace Service (mTrc)' (https://github.com/warbe-maker/VBA-Trace)
24-12-27 12:57:10 seconds seconds >> Begin execution trace 
24-12-27 12:57:10 00,0000         |  >> mPrivProfTest.Test_110_Methods_Exists
===========================================================================================================================================
24-12-27 13:23:43 Elapsed Length  Execution trace by 'Common VBA Execution Trace Service (mTrc)' (https://github.com/warbe-maker/VBA-Trace)
24-12-27 13:23:43 seconds seconds >> Begin execution trace 
24-12-27 13:23:43 00,0000         |  >> mPrivProfTest.Test_120_Property_Value
===========================================================================================================================================
24-12-27 13:25:35 Elapsed Length  Execution trace by 'Common VBA Execution Trace Service (mTrc)' (https://github.com/warbe-maker/VBA-Trace)
24-12-27 13:25:35 seconds seconds >> Begin execution trace 
24-12-27 13:25:35 00,0000         |  >> mPrivProfTest.Test_120_Property_Value
===========================================================================================================================================
24-12-27 13:37:08 Elapsed Length  Execution trace by 'Common VBA Execution Trace Service (mTrc)' (https://github.com/warbe-maker/VBA-Trace)
24-12-27 13:37:08 seconds seconds >> Begin execution trace 
24-12-27 13:37:08 00,0000         |  >> mPrivProfTest.Test_120_Property_Value
===========================================================================================================================================
24-12-27 13:54:28 Elapsed Length  Execution trace by 'Common VBA Execution Trace Service (mTrc)' (https://github.com/warbe-maker/VBA-Trace)
24-12-27 13:54:28 seconds seconds >> Begin execution trace 
24-12-27 13:54:28 00,0000         |  >> mPrivProfTest.Test_120_Property_Value
===========================================================================================================================================
24-12-27 13:58:27 Elapsed Length  Execution trace by 'Common VBA Execution Trace Service (mTrc)' (https://github.com/warbe-maker/VBA-Trace)
24-12-27 13:58:27 seconds seconds >> Begin execution trace 
24-12-27 13:58:27 00,0000         |  >> mPrivProfTest.Test_120_Property_Value
===========================================================================================================================================
24-12-27 14:01:48 Elapsed Length  Execution trace by 'Common VBA Execution Trace Service (mTrc)' (https://github.com/warbe-maker/VBA-Trace)
24-12-27 14:01:48 seconds seconds >> Begin execution trace 
24-12-27 14:01:48 00,0000         |  >> mPrivProfTest.Test_120_Property_Value
===========================================================================================================================================
24-12-27 14:06:50 Elapsed Length  Execution trace by 'Common VBA Execution Trace Service (mTrc)' (https://github.com/warbe-maker/VBA-Trace)
24-12-27 14:06:50 seconds seconds >> Test class module clsPrivProf
24-12-27 14:06:50 00,0000         |  >> mPrivProfTest.Test_120_Property_Value
===========================================================================================================================================
24-12-27 14:12:49 Elapsed Length  Execution trace by 'Common VBA Execution Trace Service (mTrc)' (https://github.com/warbe-maker/VBA-Trace)
24-12-27 14:12:49 seconds seconds >> Begin execution trace 
24-12-27 14:12:49 00,0000         |  >> mPrivProfTest.Test_120_Property_Value
===========================================================================================================================================
24-12-27 14:13:19 Elapsed Length  Execution trace by 'Common VBA Execution Trace Service (mTrc)' (https://github.com/warbe-maker/VBA-Trace)
24-12-27 14:13:19 seconds seconds >> Begin execution trace 
24-12-27 14:13:19 00,0000         |  >> mPrivProfTest.Test_120_Property_Value
===========================================================================================================================================
24-12-27 14:16:02 Elapsed Length  Execution trace by 'Common VBA Execution Trace Service (mTrc)' (https://github.com/warbe-maker/VBA-Trace)
24-12-27 14:16:02 seconds seconds >> Begin execution trace 
24-12-27 14:16:02 00,0000         |  >> mPrivProfTest.Test_120_Property_Value
===========================================================================================================================================
24-12-27 14:19:24 Elapsed Length  Execution trace by 'Common VBA Execution Trace Service (mTrc)' (https://github.com/warbe-maker/VBA-Trace)
24-12-27 14:19:24 seconds seconds >> Begin execution trace 
24-12-27 14:19:24 00,0000         |  >> mPrivProfTest.Test_120_Property_Value
===========================================================================================================================================
24-12-27 14:25:01 Elapsed Length  Execution trace by 'Common VBA Execution Trace Service (mTrc)' (https://github.com/warbe-maker/VBA-Trace)
24-12-27 14:25:01 seconds seconds >> Begin execution trace 
24-12-27 14:25:01 00,0000         |  >> mPrivProfTest.Test_120_Property_Value
===========================================================================================================================================
24-12-27 14:25:25 Elapsed Length  Execution trace by 'Common VBA Execution Trace Service (mTrc)' (https://github.com/warbe-maker/VBA-Trace)
24-12-27 14:25:25 seconds seconds >> Begin execution trace 
24-12-27 14:25:25 00,0000         |  >> mPrivProfTest.Test_120_Property_Value
===========================================================================================================================================
24-12-27 14:27:47 Elapsed Length  Execution trace by 'Common VBA Execution Trace Service (mTrc)' (https://github.com/warbe-maker/VBA-Trace)
24-12-27 14:27:47 seconds seconds >> Begin execution trace 
24-12-27 14:27:47 00,0000         |  >> mPrivProfTest.Test_120_Property_Value
===========================================================================================================================================
24-12-27 14:28:18 Elapsed Length  Execution trace by 'Common VBA Execution Trace Service (mTrc)' (https://github.com/warbe-maker/VBA-Trace)
24-12-27 14:28:18 seconds seconds >> Begin execution trace 
24-12-27 14:28:18 00,0000         |  >> mPrivProfTest.Test_120_Property_Value
===========================================================================================================================================
24-12-27 14:33:39 Elapsed Length  Execution trace by 'Common VBA Execution Trace Service (mTrc)' (https://github.com/warbe-maker/VBA-Trace)
24-12-27 14:33:39 seconds seconds >> Begin execution trace 
24-12-27 14:33:39 00,0000         |  >> mPrivProfTest.Test_120_Property_Value
===========================================================================================================================================
24-12-27 14:35:22 Elapsed Length  Execution trace by 'Common VBA Execution Trace Service (mTrc)' (https://github.com/warbe-maker/VBA-Trace)
24-12-27 14:35:22 seconds seconds >> Begin execution trace 
24-12-27 14:35:22 00,0000         |  >> mPrivProfTest.Test_120_Property_Value
===========================================================================================================================================
24-12-27 14:39:09 Elapsed Length  Execution trace by 'Common VBA Execution Trace Service (mTrc)' (https://github.com/warbe-maker/VBA-Trace)
24-12-27 14:39:09 seconds seconds >> Begin execution trace 
24-12-27 14:39:09 00,0000         |  >> mPrivProfTest.Test_120_Property_Value
===========================================================================================================================================
24-12-27 14:43:01 Elapsed Length  Execution trace by 'Common VBA Execution Trace Service (mTrc)' (https://github.com/warbe-maker/VBA-Trace)
24-12-27 14:43:01 seconds seconds >> Begin execution trace 
24-12-27 14:43:01 00,0000         |  >> mPrivProfTest.Test_120_Property_Value
===========================================================================================================================================
24-12-27 14:46:24 Elapsed Length  Execution trace by 'Common VBA Execution Trace Service (mTrc)' (https://github.com/warbe-maker/VBA-Trace)
24-12-27 14:46:24 seconds seconds >> Begin execution trace 
24-12-27 14:46:24 00,0000         |  >> mPrivProfTest.Test_120_Property_Value
===========================================================================================================================================
24-12-27 14:51:47 Elapsed Length  Execution trace by 'Common VBA Execution Trace Service (mTrc)' (https://github.com/warbe-maker/VBA-Trace)
24-12-27 14:51:47 seconds seconds >> Begin execution trace 
24-12-27 14:51:47 00,0000         |  >> mPrivProfTest.Test_120_Property_Value
===========================================================================================================================================
24-12-28 13:32:50 Elapsed Length  Execution trace by 'Common VBA Execution Trace Service (mTrc)' (https://github.com/warbe-maker/VBA-Trace)
24-12-28 13:32:50 seconds seconds >> Begin execution trace 
24-12-28 13:32:50 00,0000         |  >> mPrivProfTest.Test_110_Methods_Exists
===========================================================================================================================================
24-12-28 13:36:57 Elapsed Length  Execution trace by 'Common VBA Execution Trace Service (mTrc)' (https://github.com/warbe-maker/VBA-Trace)
24-12-28 13:36:57 seconds seconds >> Begin execution trace 
24-12-28 13:36:57 00,0000         |  >> mPrivProfTest.Test_120_Property_Value
===========================================================================================================================================
24-12-28 13:38:42 Elapsed Length  Execution trace by 'Common VBA Execution Trace Service (mTrc)' (https://github.com/warbe-maker/VBA-Trace)
24-12-28 13:38:42 seconds seconds >> Begin execution trace 
24-12-28 13:38:42 00,0000         |  >> mPrivProfTest.Test_120_Property_Value
===========================================================================================================================================
24-12-28 17:20:15 Elapsed Length  Execution trace by 'Common VBA Execution Trace Service (mTrc)' (https://github.com/warbe-maker/VBA-Trace)
24-12-28 17:20:15 seconds seconds >> Begin execution trace 
24-12-28 17:20:15 00,0000         |  >> mPrivProfTest.Test_120_Properties
===========================================================================================================================================
24-12-28 17:24:45 Elapsed Length  Execution trace by 'Common VBA Execution Trace Service (mTrc)' (https://github.com/warbe-maker/VBA-Trace)
24-12-28 17:24:45 seconds seconds >> Begin execution trace 
24-12-28 17:24:45 00,0000         |  >> mPrivProfTest.Test_120_Properties
===========================================================================================================================================
24-12-28 17:26:20 Elapsed Length  Execution trace by 'Common VBA Execution Trace Service (mTrc)' (https://github.com/warbe-maker/VBA-Trace)
24-12-28 17:26:20 seconds seconds >> Begin execution trace 
24-12-28 17:26:20 00,0000         |  >> mPrivProfTest.Test_120_Properties
===========================================================================================================================================
24-12-28 17:27:52 Elapsed Length  Execution trace by 'Common VBA Execution Trace Service (mTrc)' (https://github.com/warbe-maker/VBA-Trace)
24-12-28 17:27:52 seconds seconds >> Begin execution trace 
24-12-28 17:27:52 00,0000         |  >> mPrivProfTest.Test_120_Properties
===========================================================================================================================================
24-12-28 17:28:47 Elapsed Length  Execution trace by 'Common VBA Execution Trace Service (mTrc)' (https://github.com/warbe-maker/VBA-Trace)
24-12-28 17:28:47 seconds seconds >> Begin execution trace 
24-12-28 17:28:47 00,0000         |  >> mPrivProfTest.Test_120_Properties
===========================================================================================================================================
24-12-28 17:51:30 Elapsed Length  Execution trace by 'Common VBA Execution Trace Service (mTrc)' (https://github.com/warbe-maker/VBA-Trace)
24-12-28 17:51:30 seconds seconds >> Begin execution trace 
24-12-28 17:51:30 00,0000         |  >> mPrivProfTest.Test_120_Properties
===========================================================================================================================================
24-12-28 17:53:23 Elapsed Length  Execution trace by 'Common VBA Execution Trace Service (mTrc)' (https://github.com/warbe-maker/VBA-Trace)
24-12-28 17:53:23 seconds seconds >> Begin execution trace 
24-12-28 17:53:23 00,0000         |  >> mPrivProfTest.Test_120_Properties
===========================================================================================================================================
24-12-28 17:57:09 Elapsed Length  Execution trace by 'Common VBA Execution Trace Service (mTrc)' (https://github.com/warbe-maker/VBA-Trace)
24-12-28 17:57:09 seconds seconds >> Begin execution trace 
24-12-28 17:57:09 00,0000         |  >> mPrivProfTest.Test_120_Properties
===========================================================================================================================================
24-12-28 18:04:47 Elapsed Length  Execution trace by 'Common VBA Execution Trace Service (mTrc)' (https://github.com/warbe-maker/VBA-Trace)
24-12-28 18:04:47 seconds seconds >> Begin execution trace 
24-12-28 18:04:47 00,0000         |  >> mPrivProfTest.Test_120_Properties
===========================================================================================================================================
24-12-28 18:11:13 Elapsed Length  Execution trace by 'Common VBA Execution Trace Service (mTrc)' (https://github.com/warbe-maker/VBA-Trace)
24-12-28 18:11:13 seconds seconds >> Begin execution trace 
24-12-28 18:11:13 00,0000         |  >> mPrivProfTest.Test_120_Properties
===========================================================================================================================================
24-12-28 18:11:52 Elapsed Length  Execution trace by 'Common VBA Execution Trace Service (mTrc)' (https://github.com/warbe-maker/VBA-Trace)
24-12-28 18:11:52 seconds seconds >> Begin execution trace 
24-12-28 18:11:52 00,0000         |  >> mPrivProfTest.Test_120_Properties
===========================================================================================================================================
24-12-28 18:12:34 Elapsed Length  Execution trace by 'Common VBA Execution Trace Service (mTrc)' (https://github.com/warbe-maker/VBA-Trace)
24-12-28 18:12:34 seconds seconds >> Begin execution trace 
24-12-28 18:12:34 00,0000         |  >> mPrivProfTest.Test_120_Properties
===========================================================================================================================================
24-12-28 18:13:11 Elapsed Length  Execution trace by 'Common VBA Execution Trace Service (mTrc)' (https://github.com/warbe-maker/VBA-Trace)
24-12-28 18:13:11 seconds seconds >> Begin execution trace 
24-12-28 18:13:11 00,0000         |  >> mPrivProfTest.Test_120_Properties
===========================================================================================================================================
24-12-28 18:17:50 Elapsed Length  Execution trace by 'Common VBA Execution Trace Service (mTrc)' (https://github.com/warbe-maker/VBA-Trace)
24-12-28 18:17:50 seconds seconds >> Begin execution trace 
24-12-28 18:17:50 00,0000         |  >> mPrivProfTest.Test_120_Properties
===========================================================================================================================================
24-12-28 18:19:06 Elapsed Length  Execution trace by 'Common VBA Execution Trace Service (mTrc)' (https://github.com/warbe-maker/VBA-Trace)
24-12-28 18:19:06 seconds seconds >> Begin execution trace 
24-12-28 18:19:06 00,0000         |  >> mPrivProfTest.Test_120_Properties
===========================================================================================================================================
24-12-28 18:19:28 Elapsed Length  Execution trace by 'Common VBA Execution Trace Service (mTrc)' (https://github.com/warbe-maker/VBA-Trace)
24-12-28 18:19:28 seconds seconds >> Begin execution trace 
24-12-28 18:19:28 00,0000         |  >> mPrivProfTest.Test_120_Properties
===========================================================================================================================================
24-12-28 18:27:05 Elapsed Length  Execution trace by 'Common VBA Execution Trace Service (mTrc)' (https://github.com/warbe-maker/VBA-Trace)
24-12-28 18:27:05 seconds seconds >> Test class module clsPrivProf
24-12-28 18:27:05 00,0000         |  >> mPrivProfTest.Test_120_Properties
24-12-28 18:27:11 05,5249 05,5249 |  << mPrivProfTest.Test_120_Properties (Application Error 1 )
24-12-28 18:27:11 05,5249 05,5249 << Test class module clsPrivProf
24-12-28 18:27:11                 Execution trace by 'Common VBA Execution Trace Service (mTrc)' (https://github.com/warbe-maker/VBA-Trace)
24-12-28 18:27:11                 Impact on the overall performance (caused by the trace itself): 1,0 milliseconds!
===========================================================================================================================================
24-12-28 18:27:50 Elapsed Length  Execution trace by 'Common VBA Execution Trace Service (mTrc)' (https://github.com/warbe-maker/VBA-Trace)
24-12-28 18:27:50 seconds seconds >> Begin execution trace 
24-12-28 18:27:50 00,0000         |  >> mPrivProfTest.Test_120_Properties
===========================================================================================================================================
24-12-28 18:34:11 Elapsed Length  Execution trace by 'Common VBA Execution Trace Service (mTrc)' (https://github.com/warbe-maker/VBA-Trace)
24-12-28 18:34:11 seconds seconds >> Begin execution trace 
24-12-28 18:34:11 00,0000         |  >> mPrivProfTest.Test_120_Properties
24-12-28 18:36:26 03,1339         |  >> mPrivProfTest.Test_120_Properties
24-12-28 18:36:35 11,7788 08,6449 |  << mPrivProfTest.Test_120_Properties
24-12-28 18:36:35 11,8827 11,8827 << mPrivProfTest.Test_000_Regression
24-12-28 18:36:35 11,8827 11,8827 << Regression Test class module clsPrivProf
24-12-28 18:36:35                 Execution trace by 'Common VBA Execution Trace Service (mTrc)' (https://github.com/warbe-maker/VBA-Trace)
24-12-28 18:36:35                 Impact on the overall performance (caused by the trace itself): 0,3 milliseconds!
===========================================================================================================================================
24-12-28 18:39:03 Elapsed Length  Execution trace by 'Common VBA Execution Trace Service (mTrc)' (https://github.com/warbe-maker/VBA-Trace)
24-12-28 18:39:03 seconds seconds >> Regression Test class module clsPrivProf
24-12-28 18:39:03 00,0000         |  >> mPrivProfTest.Test_000_Regression
24-12-28 18:39:03 00,0007         |  |  >> mPrivProfTest.Test_100_Property_FileName
===========================================================================================================================================
24-12-28 18:41:59 Elapsed Length  Execution trace by 'Common VBA Execution Trace Service (mTrc)' (https://github.com/warbe-maker/VBA-Trace)
24-12-28 18:41:59 seconds seconds >> Regression Test class module clsPrivProf
24-12-28 18:41:59 00,0000         |  >> mPrivProfTest.Test_000_Regression
24-12-28 18:41:59 00,0007         |  |  >> mPrivProfTest.Test_100_Property_FileName
24-12-28 18:42:13 13,6280 13,6273 |  |  << mPrivProfTest.Test_100_Property_FileName
24-12-28 18:42:13 13,6483         |  |  >> mPrivProfTest.Test_110_Methods_Exists
24-12-28 18:42:28 28,9402 15,2919 |  |  << mPrivProfTest.Test_110_Methods_Exists
24-12-28 18:42:28 28,9654         |  |  >> mPrivProfTest.Test_120_Properties
24-12-28 18:43:18 79,3423 50,3769 |  |  << mPrivProfTest.Test_120_Properties (Application Error 1 )
===========================================================================================================================================
24-12-28 18:47:04 Elapsed Length  Execution trace by 'Common VBA Execution Trace Service (mTrc)' (https://github.com/warbe-maker/VBA-Trace)
24-12-28 18:47:04 seconds seconds >> Regression Test class module clsPrivProf
24-12-28 18:47:04 00,0000         |  >> mPrivProfTest.Test_000_Regression
24-12-28 18:47:04 00,0011         |  |  >> mPrivProfTest.Test_100_Property_FileName
24-12-28 18:47:04 00,0028 00,0017 |  |  << mPrivProfTest.Test_100_Property_FileName
24-12-28 18:47:04 00,0139         |  |  >> mPrivProfTest.Test_110_Methods_Exists
24-12-28 18:47:05 00,2179 00,2040 |  |  << mPrivProfTest.Test_110_Methods_Exists
24-12-28 18:47:05 00,2316         |  |  >> mPrivProfTest.Test_120_Properties
===========================================================================================================================================
24-12-28 18:49:40 Elapsed Length  Execution trace by 'Common VBA Execution Trace Service (mTrc)' (https://github.com/warbe-maker/VBA-Trace)
24-12-28 18:49:40 seconds seconds >> Begin execution trace 
24-12-28 18:49:40 00,0000         |  >> mPrivProfTest.Test_110_Methods_Exists
===========================================================================================================================================
24-12-28 18:51:08 Elapsed Length  Execution trace by 'Common VBA Execution Trace Service (mTrc)' (https://github.com/warbe-maker/VBA-Trace)
24-12-28 18:51:08 seconds seconds >> Begin execution trace 
24-12-28 18:51:08 00,0000         |  >> mPrivProfTest.Test_110_Methods_Exists
===========================================================================================================================================
24-12-28 18:51:45 Elapsed Length  Execution trace by 'Common VBA Execution Trace Service (mTrc)' (https://github.com/warbe-maker/VBA-Trace)
24-12-28 18:51:45 seconds seconds >> Begin execution trace 
24-12-28 18:51:45 00,0000         |  >> mPrivProfTest.Test_110_Methods_Exists
24-12-28 18:53:46 00,0212         |  >> mPrivProfTest.Test_110_Methods_Exists
24-12-28 18:53:46 00,0455 00,0243 |  << mPrivProfTest.Test_110_Methods_Exists
24-12-28 18:53:46 00,0699         |  >> mPrivProfTest.Test_120_Properties
24-12-28 18:53:46 00,1953 00,1254 |  << mPrivProfTest.Test_120_Properties
24-12-28 18:53:46 00,3210 00,3210 << mPrivProfTest.Test_000_Regression
24-12-28 18:53:46 00,3210 00,3210 << Regression Test class module clsPrivProf
24-12-28 18:53:46                 Execution trace by 'Common VBA Execution Trace Service (mTrc)' (https://github.com/warbe-maker/VBA-Trace)
24-12-28 18:53:46                 Impact on the overall performance (caused by the trace itself): 0,2 milliseconds!
24-12-28 18:55:49 00,0339         |  >> mPrivProfTest.Test_120_Properties
24-12-28 18:55:55 06,0460 06,0121 |  << mPrivProfTest.Test_120_Properties (Application Error 1 )
===========================================================================================================================================
24-12-28 19:00:14 Elapsed Length  Execution trace by 'Common VBA Execution Trace Service (mTrc)' (https://github.com/warbe-maker/VBA-Trace)
24-12-28 19:00:14 seconds seconds >> Regression Test class module clsPrivProf
24-12-28 19:00:14 00,0000         |  >> mPrivProfTest.Test_000_Regression
24-12-28 19:00:18 03,9656         |  |  >> mPrivProfTest.Test_100_Property_FileName
24-12-28 19:00:18 03,9673 00,0017 |  |  << mPrivProfTest.Test_100_Property_FileName
===========================================================================================================================================
24-12-28 19:02:08 Elapsed Length  Execution trace by 'Common VBA Execution Trace Service (mTrc)' (https://github.com/warbe-maker/VBA-Trace)
24-12-28 19:02:08 seconds seconds >> Regression Test class module clsPrivProf
24-12-28 19:02:08 00,0000         |  >> mPrivProfTest.Test_000_Regression
24-12-28 19:02:09 01,2917         |  |  >> mPrivProfTest.Test_100_Property_FileName
24-12-28 19:02:09 01,2931 00,0014 |  |  << mPrivProfTest.Test_100_Property_FileName
24-12-28 19:02:20 11,9205         |  |  >> mPrivProfTest.Test_110_Methods_Exists
24-12-28 19:02:20 11,9443 00,0238 |  |  << mPrivProfTest.Test_110_Methods_Exists
===========================================================================================================================================
24-12-28 19:03:11 Elapsed Length  Execution trace by 'Common VBA Execution Trace Service (mTrc)' (https://github.com/warbe-maker/VBA-Trace)
24-12-28 19:03:11 seconds seconds >> Begin execution trace 
24-12-28 19:03:11 00,0000         |  >> mPrivProfTest.Test_110_Methods_Exists
===========================================================================================================================================
24-12-28 19:08:27 Elapsed Length  Execution trace by 'Common VBA Execution Trace Service (mTrc)' (https://github.com/warbe-maker/VBA-Trace)
24-12-28 19:08:27 seconds seconds >> Begin execution trace 
24-12-28 19:08:27 00,0000         |  >> mPrivProfTest.Test_110_Methods_Exists
24-12-28 19:13:02 02,6109         |  >> mPrivProfTest.Test_110_Methods_Exists
24-12-28 19:13:07 07,8747 05,2637 |  << mPrivProfTest.Test_110_Methods_Exists
24-12-28 19:13:09 09,1999         |  >> mPrivProfTest.Test_120_Properties
24-12-28 19:13:09 09,3021 00,1022 |  << mPrivProfTest.Test_120_Properties
24-12-28 19:13:09 09,3743 09,3743 << mPrivProfTest.Test_000_Regression
24-12-28 19:13:09 09,3743 09,3743 << Regression Test class module clsPrivProf
24-12-28 19:13:09                 Execution trace by 'Common VBA Execution Trace Service (mTrc)' (https://github.com/warbe-maker/VBA-Trace)
24-12-28 19:13:09                 Impact on the overall performance (caused by the trace itself): 0,2 milliseconds!
24-12-28 19:14:15 00,0553         |  >> mPrivProfTest.Test_120_Properties
24-12-28 19:14:20 04,9096 04,8544 |  << mPrivProfTest.Test_120_Properties (Application Error 1 )
