24-12-28-09:44:37 -------------------------------------------------------------------------------------- Export Changed Components (by Add-in) for PrivProf.xlsb --------------------------------------------------------------------------------------
24-12-28-09:44:37 -------------------------------------------------------------------------------------------------------------------------------------------------------------------------------------------------------------------------------------
24-12-28-09:44:37 ExportChangedComponents (by CompMan.xlam) for PrivProf.xlsb: 0 of 12 exported     See the VBE CompMan menu for 2 Common Components pending release!  (see E:\Sync\Excel VBA\DevAndTest\PrivProf\CompMan\Services.log for log details)
24-12-28-13:38:29 =================================================================================================
24-12-28-13:38:29 -------------------- Export Changed Components (by Add-in) for PrivProf.xlsb --------------------
24-12-28-13:38:29 -------------------------------------------------------------------------------------------------
24-12-28-13:38:29  Class-Module     clsTestAid        Common Component code change:                                
24-12-28-13:38:29                                     Line 0576 Serviced (CodeModule)....:     If VBA.IsObject(r_v 
24-12-28-13:38:29                                     Line 0576 Serviced (Export-File)...:     If IsObject(r_var)  
24-12-28-13:38:30                                     Modified Common Component: Release registered pending        
24-12-28-13:38:30                                     Serviced Common Component modified: E x p o r t e d !        
24-12-28-13:38:30                                     Serviced Common Component modified: Re-registered pending re 
24-12-28-13:38:31 ExportChangedComponents (by CompMan.xlam) for PrivProf.xlsb: 1 of 12 exported (clsTestAid)     See the VBE CompMan menu for 2 Common Components pending release!  (see E:\Sync\Excel VBA\DevAndTest\PrivProf\CompMan\Services.log for log details)
24-12-28-13:43:31 =================================================================================================
24-12-28-13:43:31 -------------------- Export Changed Components (by Add-in) for PrivProf.xlsb --------------------
24-12-28-13:43:31 -------------------------------------------------------------------------------------------------
24-12-28-13:43:31  Class-Module     clsTestAid        Common Component code change:                                
24-12-28-13:43:31                                     Line 2309 Serviced (CodeModule)....:     sLogFile = TestFile 
24-12-28-13:43:31                                     Line 2309 Serviced (Export-File)...:     sLogFile = NameTest 
24-12-28-13:43:31                                     Modified Common Component: Release registered pending        
24-12-28-13:43:31                                     Serviced Common Component modified: E x p o r t e d !        
24-12-28-13:43:31                                     Serviced Common Component modified: Re-registered pending re 
24-12-28-13:43:32  Standard-Module  mPrivProfTest     Modified VBComponent e x p o r t e d !                       
24-12-28-13:43:32 ExportChangedComponents (by CompMan.xlam) for PrivProf.xlsb: 2 of 12 exported (clsTestAid, mPrivProfTest)     See the VBE CompMan menu for 2 Common Components pending release!  (see E:\Sync\Excel VBA\DevAndTest\PrivProf\CompMan\Services.log for log details)
24-12-28-17:24:33 =================================================================================================
24-12-28-17:24:33 -------------------- Export Changed Components (by Add-in) for PrivProf.xlsb --------------------
24-12-28-17:24:33 -------------------------------------------------------------------------------------------------
24-12-28-17:24:33  Class-Module     clsTestAid        Common Component code change:                                
24-12-28-17:24:33                                     Line 2274 Serviced (CodeModule)....: Private Sub ResultFaile 
24-12-28-17:24:33                                     Line 2274 Serviced (Export-File)...: Private Sub ResultFaile 
24-12-28-17:24:34                                     Modified Common Component: Release registered pending        
24-12-28-17:24:34                                     Serviced Common Component modified: E x p o r t e d !        
24-12-28-17:24:34                                     Serviced Common Component modified: Re-registered pending re 
24-12-28-17:24:34  Standard-Module  mPrivProfTest     Modified VBComponent e x p o r t e d !                       
24-12-28-17:24:34 ExportChangedComponents (by CompMan.xlam) for PrivProf.xlsb: 2 of 12 exported (clsTestAid, mPrivProfTest)     See the VBE CompMan menu for 2 Common Components pending release!  (see E:\Sync\Excel VBA\DevAndTest\PrivProf\CompMan\Services.log for log details)
24-12-28-17:39:54 =================================================================================================
24-12-28-17:39:54 -------------------- Export Changed Components (by Add-in) for PrivProf.xlsb --------------------
24-12-28-17:39:54 -------------------------------------------------------------------------------------------------
24-12-28-17:39:54  Class-Module     clsTestAid        Common Component code change:                                
24-12-28-17:39:54                                     Line 2192 Serviced (CodeModule)....:                         
24-12-28-17:39:54                                     Line 2192 Serviced (Export-File)...:                         
24-12-28-17:39:54                                     Modified Common Component: Release registered pending        
24-12-28-17:39:54                                     Serviced Common Component modified: E x p o r t e d !        
24-12-28-17:39:54                                     Serviced Common Component modified: Re-registered pending re 
24-12-28-17:39:55  Standard-Module  mPrivProfTest     Modified VBComponent e x p o r t e d !                       
24-12-28-17:39:55 ExportChangedComponents (by CompMan.xlam) for PrivProf.xlsb: 2 of 12 exported (clsTestAid, mPrivProfTest)     See the VBE CompMan menu for 2 Common Components pending release!  (see E:\Sync\Excel VBA\DevAndTest\PrivProf\CompMan\Services.log for log details)
24-12-28-17:47:45 =================================================================================================
24-12-28-17:47:45 -------------------- Export Changed Components (by Add-in) for PrivProf.xlsb --------------------
24-12-28-17:47:45 -------------------------------------------------------------------------------------------------
24-12-28-17:47:45  Class-Module     clsTestAid        Common Component code change:                                
24-12-28-17:47:45                                     Line 2863 Serviced (CodeModule)....:     Const PROC = "VarsD 
24-12-28-17:47:45                                     Line 2863 Serviced (Export-File)...:     Dim sResult         
24-12-28-17:47:45                                     Modified Common Component: Release registered pending        
24-12-28-17:47:45                                     Serviced Common Component modified: E x p o r t e d !        
24-12-28-17:47:45                                     Serviced Common Component modified: Re-registered pending re 
24-12-28-17:47:46  Standard-Module  mPrivProfTest     Modified VBComponent e x p o r t e d !                       
24-12-28-17:47:46 ExportChangedComponents (by CompMan.xlam) for PrivProf.xlsb: 2 of 12 exported (clsTestAid, mPrivProfTest)     See the VBE CompMan menu for 2 Common Components pending release!  (see E:\Sync\Excel VBA\DevAndTest\PrivProf\CompMan\Services.log for log details)
24-12-28-17:53:10 =================================================================================================
24-12-28-17:53:10 -------------------- Export Changed Components (by Add-in) for PrivProf.xlsb --------------------
24-12-28-17:53:10 -------------------------------------------------------------------------------------------------
24-12-28-17:53:10  Class-Module     clsTestAid        Common Component code change:                                
24-12-28-17:53:10                                     Line 2858 Serviced (CodeModule)....: Private Function VarsDi 
24-12-28-17:53:10                                     Line 2858 Serviced (Export-File)...: Private Function VarsDi 
24-12-28-17:53:11                                     Modified Common Component: Release registered pending        
24-12-28-17:53:11                                     Serviced Common Component modified: E x p o r t e d !        
24-12-28-17:53:11                                     Serviced Common Component modified: Re-registered pending re 
24-12-28-17:53:12 ExportChangedComponents (by CompMan.xlam) for PrivProf.xlsb: 1 of 12 exported (clsTestAid)     See the VBE CompMan menu for 2 Common Components pending release!  (see E:\Sync\Excel VBA\DevAndTest\PrivProf\CompMan\Services.log for log details)
24-12-28-18:04:34 =================================================================================================
24-12-28-18:04:34 -------------------- Export Changed Components (by Add-in) for PrivProf.xlsb --------------------
24-12-28-18:04:34 -------------------------------------------------------------------------------------------------
24-12-28-18:04:34  Class-Module     clsTestAid        Common Component code change:                                
24-12-28-18:04:34                                     Line 0176 Serviced (CodeModule)....: 'Private dctResult      
24-12-28-18:04:34                                     Line 0176 Serviced (Export-File)...: Private dctResult       
24-12-28-18:04:35                                     Modified Common Component: Release registered pending        
24-12-28-18:04:35                                     Serviced Common Component modified: E x p o r t e d !        
24-12-28-18:04:35                                     Serviced Common Component modified: Re-registered pending re 
24-12-28-18:04:36 ExportChangedComponents (by CompMan.xlam) for PrivProf.xlsb: 1 of 12 exported (clsTestAid)     See the VBE CompMan menu for 2 Common Components pending release!  (see E:\Sync\Excel VBA\DevAndTest\PrivProf\CompMan\Services.log for log details)
24-12-28-18:11:00 =================================================================================================
24-12-28-18:11:00 -------------------- Export Changed Components (by Add-in) for PrivProf.xlsb --------------------
24-12-28-18:11:00 -------------------------------------------------------------------------------------------------
24-12-28-18:11:00  Class-Module     clsTestAid        Common Component code change:                                
24-12-28-18:11:00                                     Line 2870 Serviced (CodeModule)....:             Case TypeNa 
24-12-28-18:11:00                                     Line 2870 Serviced (Export-File)...:             Case Else   
24-12-28-18:11:00                                     Modified Common Component: Release registered pending        
24-12-28-18:11:00                                     Serviced Common Component modified: E x p o r t e d !        
24-12-28-18:11:01                                     Serviced Common Component modified: Re-registered pending re 
24-12-28-18:11:02 ExportChangedComponents (by CompMan.xlam) for PrivProf.xlsb: 1 of 12 exported (clsTestAid)     See the VBE CompMan menu for 2 Common Components pending release!  (see E:\Sync\Excel VBA\DevAndTest\PrivProf\CompMan\Services.log for log details)
24-12-28-19:14:40 =================================================================================================
24-12-28-19:14:40 -------------------- Export Changed Components (by Add-in) for PrivProf.xlsb --------------------
24-12-28-19:14:40 -------------------------------------------------------------------------------------------------
24-12-28-19:14:40  Class-Module     clsTestAid        Common Component code change:                                
24-12-28-19:14:40                                     Line 0263 Serviced (CodeModule)....:     Dim aInvalidChars   
24-12-28-19:14:40                                     Line 0263 Serviced (Export-File)...:     Dim aInvalidChars   
24-12-28-19:14:41                                     Modified Common Component: Release registered pending        
24-12-28-19:14:41                                     Serviced Common Component modified: E x p o r t e d !        
24-12-28-19:14:41                                     Serviced Common Component modified: Properties in CommComps. 
24-12-28-19:14:41                                     Serviced Common Component modified: Registered pending relea 
24-12-28-19:14:41  Standard-Module  mPrivProfTest     Modified VBComponent e x p o r t e d !                       
24-12-28-19:14:41  Class-Module     clsPrivProfTests  Modified VBComponent e x p o r t e d !                       
24-12-28-19:14:41 ExportChangedComponents (by CompMan.xlam) for PrivProf.xlsb: 3 of 12 exported (clsTestAid, mPrivProfTest, clsPrivProfTests)     See the VBE CompMan menu for 2 Common Components pending release!  (see E:\Sync\Excel VBA\DevAndTest\PrivProf\CompMan\Services.log for log details)
