24-12-28-17:47:45 --------------------- Export Changed Components (by Add-in) for PrivProf.xlsb ---------------------
24-12-28-17:47:45 ---------------------------------------------------------------------------------------------------
24-12-28-17:47:45  Class-Module     clsTestAid.......:  Common Component code change:                                
24-12-28-17:47:45                                       Line 2863 Serviced (CodeModule)....:     Const PROC = "VarsDiffer" 
24-12-28-17:47:45                                       Line 2863 Serviced (Export-File)...:     Dim sResult             As String 
24-12-28-17:47:45                                       Modified Common Component: Release registered pending                      
24-12-28-17:47:45                                       Serviced Common Component modified: E x p o r t e d !                      
24-12-28-17:47:45                                       Serviced Common Component modified: Re-registered pending release          
24-12-28-17:47:46  Standard-Module  mPrivProfTest....:  Modified VBComponent e x p o r t e d !                                     
24-12-28-17:53:10 ===================================================================================================
24-12-28-17:53:10 --------------------- Export Changed Components (by Add-in) for PrivProf.xlsb ---------------------
24-12-28-17:53:10 ---------------------------------------------------------------------------------------------------
24-12-28-17:53:10  Class-Module     clsTestAid.......:  Common Component code change:                                
24-12-28-17:53:10                                       Line 2858 Serviced (CodeModule)....: Private Function VarsDiffer(Optional ByVal v_result As Variant, _ 
24-12-28-17:53:10                                       Line 2858 Serviced (Export-File)...: Private Function VarsDiffer(ByVal v_result As Variant, _          
24-12-28-17:53:11                                       Modified Common Component: Release registered pending                                                  
24-12-28-17:53:11                                       Serviced Common Component modified: E x p o r t e d !                                                  
24-12-28-17:53:11                                       Serviced Common Component modified: Re-registered pending release                                      
24-12-28-18:04:34 ===================================================================================================
24-12-28-18:04:34 --------------------- Export Changed Components (by Add-in) for PrivProf.xlsb ---------------------
24-12-28-18:04:34 ---------------------------------------------------------------------------------------------------
24-12-28-18:04:34  Class-Module     clsTestAid.......:  Common Component code change:                                
24-12-28-18:04:34                                       Line 0176 Serviced (CodeModule)....: 'Private dctResult                   As New Dictionary 
24-12-28-18:04:34                                       Line 0176 Serviced (Export-File)...: Private dctResult                   As New Dictionary  
24-12-28-18:04:35                                       Modified Common Component: Release registered pending                                       
24-12-28-18:04:35                                       Serviced Common Component modified: E x p o r t e d !                                       
24-12-28-18:04:35                                       Serviced Common Component modified: Re-registered pending release                           
24-12-28-18:11:00 ===================================================================================================
24-12-28-18:11:00 --------------------- Export Changed Components (by Add-in) for PrivProf.xlsb ---------------------
24-12-28-18:11:00 ---------------------------------------------------------------------------------------------------
24-12-28-18:11:00  Class-Module     clsTestAid.......:  Common Component code change:                                
24-12-28-18:11:00                                       Line 2870 Serviced (CodeModule)....:             Case TypeName(v_result) = TypeName(v_result_expected) 
24-12-28-18:11:00                                       Line 2870 Serviced (Export-File)...:             Case Else                                             
24-12-28-18:11:00                                       Modified Common Component: Release registered pending                                                  
24-12-28-18:11:01                                       Serviced Common Component modified: E x p o r t e d !                                                  
24-12-28-18:11:01                                       Serviced Common Component modified: Re-registered pending release                                      
24-12-28-19:14:40 ===================================================================================================
24-12-28-19:14:40 --------------------- Export Changed Components (by Add-in) for PrivProf.xlsb ---------------------
24-12-28-19:14:40 ---------------------------------------------------------------------------------------------------
24-12-28-19:14:40  Class-Module     clsTestAid.......:  Common Component code change:                                
24-12-28-19:14:40                                       Line 0263 Serviced (CodeModule)....:     Dim aInvalidChars   As Variant 
24-12-28-19:14:40                                       Line 0263 Serviced (Export-File)...:     Dim aInvalidChars   As String  
24-12-28-19:14:41                                       Modified Common Component: Release registered pending                   
24-12-28-19:14:41                                       Serviced Common Component modified: E x p o r t e d !                   
24-12-28-19:14:41                                       Serviced Common Component modified: Properties in CommComps.dat updated 
24-12-28-19:14:41                                       Serviced Common Component modified: Registered pending release          
24-12-28-19:14:41  Standard-Module  mPrivProfTest....:  Modified VBComponent e x p o r t e d !                                  
24-12-28-19:14:41  Class-Module     clsPrivProfTests.:  Modified VBComponent e x p o r t e d !                                  
